# JRE version: OpenJDK Runtime Environment (8.0_242) (build 1.8.0_242-release-1644-b3-6222593)
# Java VM: OpenJDK 64-Bit Server VM (25.242-b3-6222593 mixed mode bsd-amd64 compressed oops)
Heap:
 PSYoungGen      total 260608K, used 215101K [0x00000007a0000000, 0x00000007b6b80000, 0x00000007c0000000)
  eden space 235520K, 85% used [0x00000007a0000000,0x00000007ac5cb288,0x00000007ae600000)
  from space 25088K, 50% used [0x00000007ae600000,0x00000007af2441f8,0x00000007afe80000)
  to   space 24064K, 0% used [0x00000007b5400000,0x00000007b5400000,0x00000007b6b80000)
 ParOldGen       total 233472K, used 67070K [0x0000000760000000, 0x000000076e400000, 0x00000007a0000000)
  object space 233472K, 28% used [0x0000000760000000,0x000000076417fbb8,0x000000076e400000)
 Metaspace       used 74856K, capacity 79006K, committed 79256K, reserved 1118208K
  class space    used 10186K, capacity 11091K, committed 11176K, reserved 1048576K
GC Heap History (10 events):
Event: 25.563 GC heap before
{Heap before GC invocations=12 (full 2):
 PSYoungGen      total 153600K, used 22150K [0x00000007a0000000, 0x00000007ad280000, 0x00000007c0000000)
  eden space 136704K, 3% used [0x00000007a0000000,0x00000007a0522548,0x00000007a8580000)
  from space 16896K, 99% used [0x00000007a8580000,0x00000007a95ff438,0x00000007a9600000)
  to   space 23552K, 0% used [0x00000007abb80000,0x00000007abb80000,0x00000007ad280000)
 ParOldGen       total 179712K, used 34249K [0x0000000760000000, 0x000000076af80000, 0x00000007a0000000)
  object space 179712K, 19% used [0x0000000760000000,0x00000007621727a0,0x000000076af80000)
 Metaspace       used 57039K, capacity 59106K, committed 59160K, reserved 1099776K
  class space    used 7699K, capacity 8224K, committed 8232K, reserved 1048576K
Event: 25.593 GC heap after
Heap after GC invocations=12 (full 2):
 PSYoungGen      total 192000K, used 8726K [0x00000007a0000000, 0x00000007af480000, 0x00000007c0000000)
  eden space 168448K, 0% used [0x00000007a0000000,0x00000007a0000000,0x00000007aa480000)
  from space 23552K, 37% used [0x00000007abb80000,0x00000007ac405ae0,0x00000007ad280000)
  to   space 23552K, 0% used [0x00000007aa480000,0x00000007aa480000,0x00000007abb80000)
 ParOldGen       total 179712K, used 43090K [0x0000000760000000, 0x000000076af80000, 0x00000007a0000000)
  object space 179712K, 23% used [0x0000000760000000,0x0000000762a149f0,0x000000076af80000)
 Metaspace       used 57039K, capacity 59106K, committed 59160K, reserved 1099776K
  class space    used 7699K, capacity 8224K, committed 8232K, reserved 1048576K
}
Event: 25.593 GC heap before
{Heap before GC invocations=13 (full 3):
 PSYoungGen      total 192000K, used 8726K [0x00000007a0000000, 0x00000007af480000, 0x00000007c0000000)
  eden space 168448K, 0% used [0x00000007a0000000,0x00000007a0000000,0x00000007aa480000)
  from space 23552K, 37% used [0x00000007abb80000,0x00000007ac405ae0,0x00000007ad280000)
  to   space 23552K, 0% used [0x00000007aa480000,0x00000007aa480000,0x00000007abb80000)
 ParOldGen       total 179712K, used 43090K [0x0000000760000000, 0x000000076af80000, 0x00000007a0000000)
  object space 179712K, 23% used [0x0000000760000000,0x0000000762a149f0,0x000000076af80000)
 Metaspace       used 57039K, capacity 59106K, committed 59160K, reserved 1099776K
  class space    used 7699K, capacity 8224K, committed 8232K, reserved 1048576K
Event: 25.893 GC heap after
Heap after GC invocations=13 (full 3):
 PSYoungGen      total 192000K, used 0K [0x00000007a0000000, 0x00000007af480000, 0x00000007c0000000)
  eden space 168448K, 0% used [0x00000007a0000000,0x00000007a0000000,0x00000007aa480000)
  from space 23552K, 0% used [0x00000007abb80000,0x00000007abb80000,0x00000007ad280000)
  to   space 23552K, 0% used [0x00000007aa480000,0x00000007aa480000,0x00000007abb80000)
 ParOldGen       total 233472K, used 38968K [0x0000000760000000, 0x000000076e400000, 0x00000007a0000000)
  object space 233472K, 16% used [0x0000000760000000,0x000000076260e2f8,0x000000076e400000)
 Metaspace       used 57017K, capacity 59028K, committed 59160K, reserved 1099776K
  class space    used 7692K, capacity 8211K, committed 8232K, reserved 1048576K
}
Event: 31.496 GC heap before
{Heap before GC invocations=14 (full 3):
 PSYoungGen      total 192000K, used 168448K [0x00000007a0000000, 0x00000007af480000, 0x00000007c0000000)
  eden space 168448K, 100% used [0x00000007a0000000,0x00000007aa480000,0x00000007aa480000)
  from space 23552K, 0% used [0x00000007abb80000,0x00000007abb80000,0x00000007ad280000)
  to   space 23552K, 0% used [0x00000007aa480000,0x00000007aa480000,0x00000007abb80000)
 ParOldGen       total 233472K, used 38968K [0x0000000760000000, 0x000000076e400000, 0x00000007a0000000)
  object space 233472K, 16% used [0x0000000760000000,0x000000076260e2f8,0x000000076e400000)
 Metaspace       used 61953K, capacity 64766K, committed 65048K, reserved 1105920K
  class space    used 8454K, capacity 9190K, committed 9256K, reserved 1048576K
Event: 31.526 GC heap after
Heap after GC invocations=14 (full 3):
 PSYoungGen      total 192000K, used 17237K [0x00000007a0000000, 0x00000007b1a00000, 0x00000007c0000000)
  eden space 168448K, 0% used [0x00000007a0000000,0x00000007a0000000,0x00000007aa480000)
  from space 23552K, 73% used [0x00000007aa480000,0x00000007ab555418,0x00000007abb80000)
  to   space 24064K, 0% used [0x00000007b0280000,0x00000007b0280000,0x00000007b1a00000)
 ParOldGen       total 233472K, used 38976K [0x0000000760000000, 0x000000076e400000, 0x00000007a0000000)
  object space 233472K, 16% used [0x0000000760000000,0x00000007626102f8,0x000000076e400000)
 Metaspace       used 61953K, capacity 64766K, committed 65048K, reserved 1105920K
  class space    used 8454K, capacity 9190K, committed 9256K, reserved 1048576K
}
Event: 36.830 GC heap before
{Heap before GC invocations=15 (full 3):
 PSYoungGen      total 192000K, used 185685K [0x00000007a0000000, 0x00000007b1a00000, 0x00000007c0000000)
  eden space 168448K, 100% used [0x00000007a0000000,0x00000007aa480000,0x00000007aa480000)
  from space 23552K, 73% used [0x00000007aa480000,0x00000007ab555418,0x00000007abb80000)
  to   space 24064K, 0% used [0x00000007b0280000,0x00000007b0280000,0x00000007b1a00000)
 ParOldGen       total 233472K, used 38976K [0x0000000760000000, 0x000000076e400000, 0x00000007a0000000)
  object space 233472K, 16% used [0x0000000760000000,0x00000007626102f8,0x000000076e400000)
 Metaspace       used 68113K, capacity 71854K, committed 71960K, reserved 1112064K
  class space    used 9380K, capacity 10178K, committed 10280K, reserved 1048576K
Event: 36.854 GC heap after
Heap after GC invocations=15 (full 3):
 PSYoungGen      total 256512K, used 18771K [0x00000007a0000000, 0x00000007b1700000, 0x00000007c0000000)
  eden space 235520K, 0% used [0x00000007a0000000,0x00000007a0000000,0x00000007ae600000)
  from space 20992K, 89% used [0x00000007b0280000,0x00000007b14d4e60,0x00000007b1700000)
  to   space 25088K, 0% used [0x00000007ae600000,0x00000007ae600000,0x00000007afe80000)
 ParOldGen       total 233472K, used 53040K [0x0000000760000000, 0x000000076e400000, 0x00000007a0000000)
  object space 233472K, 22% used [0x0000000760000000,0x00000007633cc398,0x000000076e400000)
 Metaspace       used 68113K, capacity 71854K, committed 71960K, reserved 1112064K
  class space    used 9380K, capacity 10178K, committed 10280K, reserved 1048576K
}
Event: 38.650 GC heap before
{Heap before GC invocations=16 (full 3):
 PSYoungGen      total 256512K, used 254291K [0x00000007a0000000, 0x00000007b1700000, 0x00000007c0000000)
  eden space 235520K, 100% used [0x00000007a0000000,0x00000007ae600000,0x00000007ae600000)
  from space 20992K, 89% used [0x00000007b0280000,0x00000007b14d4e60,0x00000007b1700000)
  to   space 25088K, 0% used [0x00000007ae600000,0x00000007ae600000,0x00000007afe80000)
 ParOldGen       total 233472K, used 53040K [0x0000000760000000, 0x000000076e400000, 0x00000007a0000000)
  object space 233472K, 22% used [0x0000000760000000,0x00000007633cc398,0x000000076e400000)
 Metaspace       used 69706K, capacity 73642K, committed 74008K, reserved 1112064K
  class space    used 9552K, capacity 10412K, committed 10536K, reserved 1048576K
Event: 38.677 GC heap after
Heap after GC invocations=16 (full 3):
 PSYoungGen      total 260608K, used 12560K [0x00000007a0000000, 0x00000007b6b80000, 0x00000007c0000000)
  eden space 235520K, 0% used [0x00000007a0000000,0x00000007a0000000,0x00000007ae600000)
  from space 25088K, 50% used [0x00000007ae600000,0x00000007af2441f8,0x00000007afe80000)
  to   space 24064K, 0% used [0x00000007b5400000,0x00000007b5400000,0x00000007b6b80000)
 ParOldGen       total 233472K, used 67070K [0x0000000760000000, 0x000000076e400000, 0x00000007a0000000)
  object space 233472K, 28% used [0x0000000760000000,0x000000076417fbb8,0x000000076e400000)
 Metaspace       used 69706K, capacity 73642K, committed 74008K, reserved 1112064K
  class space    used 9552K, capacity 10412K, committed 10536K, reserved 1048576K
}

